<?xml version="1.0" encoding="UTF-8"?>
<testsuite xmlns:xsi="http://www.w3.org/2001/XMLSchema-instance" xsi:noNamespaceSchemaLocation="https://maven.apache.org/surefire/maven-surefire-plugin/xsd/surefire-test-report.xsd" name="com.lx.crud.controller.MvcEmpTest" time="13.599" tests="1" errors="1" skipped="0" failures="0">
  <properties>
[...]
</properties>
  <testcase name="testPage" classname="com.lx.crud.controller.MvcEmpTest" time="2.521">
    <error type="java.lang.NullPointerException">java.lang.NullPointerException
	at com.lx.crud.controller.MvcEmpTest.testPage(MvcEmpTest.java:51)
</error>
    <system-err><![CDATA[5月 12, 2021 8:55:16 下午 org.springframework.test.context.web.WebTestContextBootstrapper getDefaultTestExecutionListenerClassNames
信息: Loaded default TestExecutionListener class names from location [META-INF/spring.factories]: [org.springframework.test.context.web.ServletTestExecutionListener, org.springframework.test.context.support.DirtiesContextBeforeModesTestExecutionListener, org.springframework.test.context.support.DependencyInjectionTestExecutionListener, org.springframework.test.context.support.DirtiesContextTestExecutionListener, org.springframework.test.context.transaction.TransactionalTestExecutionListener, org.springframework.test.context.jdbc.SqlScriptsTestExecutionListener]
5月 12, 2021 8:55:17 下午 org.springframework.test.context.web.WebTestContextBootstrapper getTestExecutionListeners
信息: Using TestExecutionListeners: [org.springframework.test.context.web.ServletTestExecutionListener@770c2e6b, org.springframework.test.context.support.DirtiesContextBeforeModesTestExecutionListener@1a052a00, org.springframework.test.context.support.DependencyInjectionTestExecutionListener@4d826d77, org.springframework.test.context.support.DirtiesContextTestExecutionListener@61009542, org.springframework.test.context.transaction.TransactionalTestExecutionListener@77e9807f, org.springframework.test.context.jdbc.SqlScriptsTestExecutionListener@448ff1a8]
5月 12, 2021 8:55:18 下午 org.springframework.beans.factory.xml.XmlBeanDefinitionReader loadBeanDefinitions
信息: Loading XML bean definitions from class path resource [applicationContext.xml]
5月 12, 2021 8:55:19 下午 org.springframework.beans.factory.xml.XmlBeanDefinitionReader loadBeanDefinitions
信息: Loading XML bean definitions from URL [file:src/main/webapp/WEB-INF/dispatcherServlet-servlet.xml]
5月 12, 2021 8:55:19 下午 org.springframework.web.context.support.GenericWebApplicationContext prepareRefresh
信息: Refreshing org.springframework.web.context.support.GenericWebApplicationContext@45dd4eda: startup date [Wed May 12 20:55:19 CST 2021]; root of context hierarchy
5月 12, 2021 8:55:20 下午 com.mchange.v2.log.MLog <clinit>
信息: MLog clients using java 1.4+ standard logging.
5月 12, 2021 8:55:21 下午 com.mchange.v2.c3p0.C3P0Registry banner
信息: Initializing c3p0-0.9.1.2 [built 21-May-2007 15:04:56; debug? true; trace: 10]
5月 12, 2021 8:55:23 下午 org.springframework.web.servlet.handler.SimpleUrlHandlerMapping registerHandler
信息: Mapped URL path [/**] onto handler 'org.springframework.web.servlet.resource.DefaultServletHttpRequestHandler#0'
5月 12, 2021 8:55:23 下午 org.springframework.web.servlet.mvc.method.annotation.RequestMappingHandlerMapping register
信息: Mapped "{[/depts]}" onto public com.lx.crud.bean.Msg com.lx.crud.controller.DepartmentController.getDepts()
5月 12, 2021 8:55:23 下午 org.springframework.web.servlet.mvc.method.annotation.RequestMappingHandlerMapping register
信息: Mapped "{[/emp],methods=[POST]}" onto public com.lx.crud.bean.Msg com.lx.crud.controller.EmployeeController.saveEmp(com.lx.crud.bean.Employee,org.springframework.validation.BindingResult)
5月 12, 2021 8:55:23 下午 org.springframework.web.servlet.mvc.method.annotation.RequestMappingHandlerMapping register
信息: Mapped "{[/emp/{empId}],methods=[PUT]}" onto public com.lx.crud.bean.Msg com.lx.crud.controller.EmployeeController.saveEmp(com.lx.crud.bean.Employee,javax.servlet.http.HttpServletRequest)
5月 12, 2021 8:55:23 下午 org.springframework.web.servlet.mvc.method.annotation.RequestMappingHandlerMapping register
信息: Mapped "{[/emp/{id}],methods=[GET]}" onto public com.lx.crud.bean.Msg com.lx.crud.controller.EmployeeController.getEmp(java.lang.Integer)
5月 12, 2021 8:55:23 下午 org.springframework.web.servlet.mvc.method.annotation.RequestMappingHandlerMapping register
信息: Mapped "{[/emp/{ids}],methods=[DELETE]}" onto public com.lx.crud.bean.Msg com.lx.crud.controller.EmployeeController.deleteEmp(java.lang.String)
5月 12, 2021 8:55:23 下午 org.springframework.web.servlet.mvc.method.annotation.RequestMappingHandlerMapping register
信息: Mapped "{[/checkuser]}" onto public com.lx.crud.bean.Msg com.lx.crud.controller.EmployeeController.checkuser(java.lang.String)
5月 12, 2021 8:55:23 下午 org.springframework.web.servlet.mvc.method.annotation.RequestMappingHandlerMapping register
信息: Mapped "{[/emps]}" onto public com.lx.crud.bean.Msg com.lx.crud.controller.EmployeeController.getEmpsWithJson(java.lang.Integer)
5月 12, 2021 8:55:24 下午 org.springframework.web.servlet.mvc.method.annotation.RequestMappingHandlerAdapter initControllerAdviceCache
信息: Looking for @ControllerAdvice: org.springframework.web.context.support.GenericWebApplicationContext@45dd4eda: startup date [Wed May 12 20:55:19 CST 2021]; root of context hierarchy
5月 12, 2021 8:55:24 下午 org.springframework.web.servlet.mvc.method.annotation.RequestMappingHandlerAdapter initControllerAdviceCache
信息: Looking for @ControllerAdvice: org.springframework.web.context.support.GenericWebApplicationContext@45dd4eda: startup date [Wed May 12 20:55:19 CST 2021]; root of context hierarchy
5月 12, 2021 8:55:25 下午 org.springframework.mock.web.MockServletContext log
信息: Initializing Spring FrameworkServlet ''
5月 12, 2021 8:55:25 下午 org.springframework.test.web.servlet.TestDispatcherServlet initServletBean
信息: FrameworkServlet '': initialization started
5月 12, 2021 8:55:25 下午 org.springframework.test.web.servlet.TestDispatcherServlet initServletBean
信息: FrameworkServlet '': initialization completed in 36 ms
5月 12, 2021 8:55:25 下午 com.mchange.v2.c3p0.impl.AbstractPoolBackedDataSource getPoolManager
信息: Initializing c3p0 pool... com.mchange.v2.c3p0.ComboPooledDataSource [ acquireIncrement -> 3, acquireRetryAttempts -> 30, acquireRetryDelay -> 1000, autoCommitOnClose -> false, automaticTestTable -> null, breakAfterAcquireFailure -> false, checkoutTimeout -> 0, connectionCustomizerClassName -> null, connectionTesterClassName -> com.mchange.v2.c3p0.impl.DefaultConnectionTester, dataSourceName -> 1hge0ysahqtdaz8z6h8sz|2f6e28bc, debugUnreturnedConnectionStackTraces -> false, description -> null, driverClass -> com.mysql.cj.jdbc.Driver, factoryClassLocation -> null, forceIgnoreUnresolvedTransactions -> false, identityToken -> 1hge0ysahqtdaz8z6h8sz|2f6e28bc, idleConnectionTestPeriod -> 0, initialPoolSize -> 3, jdbcUrl -> jdbc:mysql://localhost:3306/ssm_crud?serverTimezone=GMT%2B8, maxAdministrativeTaskTime -> 0, maxConnectionAge -> 0, maxIdleTime -> 0, maxIdleTimeExcessConnections -> 0, maxPoolSize -> 15, maxStatements -> 0, maxStatementsPerConnection -> 0, minPoolSize -> 3, numHelperThreads -> 3, numThreadsAwaitingCheckoutDefaultUser -> 0, preferredTestQuery -> null, properties -> {password=******, user=******}, propertyCycle -> 0, testConnectionOnCheckin -> false, testConnectionOnCheckout -> false, unreturnedConnectionTimeout -> 0, usesTraditionalReflectiveProxies -> false ]
]]></system-err>
  </testcase>
</testsuite>